server is running
user is connected 98iecbTdTgxGeKVUAAAB
user is connected _U059hAeUlNx1t7GAAAD
user is connected g9_hn8El1O0yMKwUAAAF
users is on DC []
user is connected deCT9Q13JG7GKX8fAAAH
users is on DC []
user is connected qRHNKGQgGnA4b-yKAAAJ
users is on DC []
user is connected bRO1g5VElqs6BUr0AAAL
users is on DC []
user is connected TH8n68GTRsmZWySLAAAN
users is on DC []
user is connected Lr9hh_QbJ-TPlczDAAAP
users is on DC []
users is on DC []
users is on DC []
user is connected psMs1ZpJmsFUhcl6AAAR
users is on DC []
user is connected bVSB0DjGiuuwDorbAAAT
users is on DC []
user is connected kawaWfO2K9N2sxTLAAAV
users is on DC []
user is connected k6qIEOzLfC9sofCIAAAX
users is on DC []
user is connected wK9Kj2eivKMHk3ibAAAZ
users is on DC []
user is connected sqTDAnc7Swb7t75zAAAb
users is on DC []
user is connected WXt4LA3QOH4MNiAdAAAd
users is on DC []
